<?xml version="1.0" encoding="utf-8"?><testsuites><testsuite name="pytest" errors="0" failures="0" skipped="0" tests="30" time="30.275" timestamp="2025-12-10T15:25:46.108164" hostname="DESKTOP-BL3NOJ6"><testcase classname="tests.integration.test_validation_endpoints.TestValidationEndpoints" name="test_validate_imports_success" time="0.578" /><testcase classname="tests.integration.test_validation_endpoints.TestValidationEndpoints" name="test_validate_invalid_category" time="0.146" /><testcase classname="tests.integration.test_validation_endpoints.TestValidationEndpoints" name="test_validation_categories_endpoint" time="0.392" /><testcase classname="tests.integration.test_validation_endpoints.TestValidationEndpoints" name="test_full_validation_endpoint" time="0.144" /><testcase classname="tests.integration.test_validation_endpoints.TestValidationEndpoints" name="test_validate_imports_missing_file" time="0.171" /><testcase classname="tests.integration.test_validation_endpoints.TestValidationEndpoints" name="test_validate_ssot_config_endpoint" time="0.126" /><testcase classname="tests.integration.test_validation_endpoints.TestValidationEndpoints" name="test_validation_health_endpoint" time="0.169" /><testcase classname="tests.integration.test_analysis_endpoints.TestAnalysisEndpoints" name="test_repository_analysis_success" time="0.153" /><testcase classname="tests.integration.test_analysis_endpoints.TestAnalysisEndpoints" name="test_analysis_categories_endpoint" time="0.262" /><testcase classname="tests.integration.test_analysis_endpoints.TestAnalysisEndpoints" name="test_analyze_structure_endpoint" time="0.192" /><testcase classname="tests.integration.test_analysis_endpoints.TestAnalysisEndpoints" name="test_analyze_invalid_category" time="0.164" /><testcase classname="tests.integration.test_analysis_endpoints.TestAnalysisEndpoints" name="test_repository_analysis_missing_repos" time="0.138" /><testcase classname="tests.integration.test_analysis_endpoints.TestAnalysisEndpoints" name="test_analyze_file_missing_file" time="0.275" /><testcase classname="tests.integration.test_analysis_endpoints.TestAnalysisEndpoints" name="test_analyze_file_success" time="0.245" /><testcase classname="tests.integration.test_analysis_endpoints.TestAnalysisEndpoints" name="test_analysis_health_endpoint" time="0.490" /><testcase classname="tests.unit.services.test_unified_messaging_service.TestUnifiedMessagingService" name="test_messaging_service_alias" time="0.037" /><testcase classname="tests.unit.services.test_unified_messaging_service.TestUnifiedMessagingService" name="test_send_message_exception" time="0.031" /><testcase classname="tests.unit.services.test_unified_messaging_service.TestUnifiedMessagingService" name="test_broadcast_message_all_failures" time="0.014" /><testcase classname="tests.unit.services.test_unified_messaging_service.TestUnifiedMessagingService" name="test_send_message_with_priority" time="0.012" /><testcase classname="tests.unit.services.test_unified_messaging_service.TestUnifiedMessagingService" name="test_send_message_empty_message" time="0.007" /><testcase classname="tests.unit.services.test_unified_messaging_service.TestUnifiedMessagingService" name="test_broadcast_message_partial_failure" time="0.010" /><testcase classname="tests.unit.services.test_unified_messaging_service.TestUnifiedMessagingService" name="test_broadcast_message_with_priority" time="0.009" /><testcase classname="tests.unit.services.test_unified_messaging_service.TestUnifiedMessagingService" name="test_init" time="0.004" /><testcase classname="tests.unit.services.test_unified_messaging_service.TestUnifiedMessagingService" name="test_send_message_no_pyautogui" time="0.008" /><testcase classname="tests.unit.services.test_unified_messaging_service.TestUnifiedMessagingService" name="test_send_message_failure" time="0.005" /><testcase classname="tests.unit.services.test_unified_messaging_service.TestUnifiedMessagingService" name="test_send_message_success" time="0.006" /><testcase classname="tests.unit.services.test_unified_messaging_service.TestUnifiedMessagingService" name="test_broadcast_message_empty" time="0.004" /><testcase classname="tests.unit.services.test_unified_messaging_service.TestUnifiedMessagingService" name="test_broadcast_message_success" time="0.004" /><testcase classname="tests.unit.services.test_unified_messaging_service.TestUnifiedMessagingService" name="test_broadcast_message_exception" time="0.005" /><testcase classname="tests.unit.services.test_unified_messaging_service.TestUnifiedMessagingService" name="test_send_message_none_agent" time="0.007" /></testsuite></testsuites>